This is XeTeX, Version 3.14159265-2.6-0.999992 (TeX Live 2020) (preloaded format=xelatex 2020.4.7)  6 FEB 2022 21:15
entering extended mode
 restricted \write18 enabled.
 file:line:error style messages enabled.
 %&-line parsing enabled.
**Project.tex
(./Project.tex
LaTeX2e <2020-02-02> patch level 5
L3 programming layer <2020-03-06>
(/usr/local/texlive/2020/texmf-dist/tex/latex/base/article.cls
Document Class: article 2019/12/20 v1.4l Standard LaTeX document class
(/usr/local/texlive/2020/texmf-dist/tex/latex/base/size12.clo
File: size12.clo 2019/12/20 v1.4l Standard LaTeX file (size option)
)
\c@part=\count163
\c@section=\count164
\c@subsection=\count165
\c@subsubsection=\count166
\c@paragraph=\count167
\c@subparagraph=\count168
\c@figure=\count169
\c@table=\count170
\abovecaptionskip=\skip47
\belowcaptionskip=\skip48
\bibindent=\dimen134
)
(/usr/local/texlive/2020/texmf-dist/tex/latex/graphics/graphicx.sty
Package: graphicx 2019/11/30 v1.2a Enhanced LaTeX Graphics (DPC,SPQR)

(/usr/local/texlive/2020/texmf-dist/tex/latex/graphics/keyval.sty
Package: keyval 2014/10/28 v1.15 key=value parser (DPC)
\KV@toks@=\toks15
)
(/usr/local/texlive/2020/texmf-dist/tex/latex/graphics/graphics.sty
Package: graphics 2019/11/30 v1.4a Standard LaTeX Graphics (DPC,SPQR)

(/usr/local/texlive/2020/texmf-dist/tex/latex/graphics/trig.sty
Package: trig 2016/01/03 v1.10 sin cos tan (DPC)
)
(/usr/local/texlive/2020/texmf-dist/tex/latex/graphics-cfg/graphics.cfg
File: graphics.cfg 2016/06/04 v1.11 sample graphics configuration
)
Package graphics Info: Driver file: xetex.def on input line 105.

(/usr/local/texlive/2020/texmf-dist/tex/latex/graphics-def/xetex.def
File: xetex.def 2017/06/24 v5.0h Graphics/color driver for xetex
))
\Gin@req@height=\dimen135
\Gin@req@width=\dimen136
)
(/usr/local/texlive/2020/texmf-dist/tex/latex/import/import.sty
Package: import 2020/01/22  v 6.0
)
(/usr/local/texlive/2020/texmf-dist/tex/latex/xcolor/xcolor.sty
Package: xcolor 2016/05/11 v2.12 LaTeX color extensions (UK)

(/usr/local/texlive/2020/texmf-dist/tex/latex/graphics-cfg/color.cfg
File: color.cfg 2016/01/02 v1.6 sample color configuration
)
Package xcolor Info: Driver file: xetex.def on input line 225.
Package xcolor Info: Model `cmy' substituted by `cmy0' on input line 1348.
Package xcolor Info: Model `RGB' extended on input line 1364.
Package xcolor Info: Model `HTML' substituted by `rgb' on input line 1366.
Package xcolor Info: Model `Hsb' substituted by `hsb' on input line 1367.
Package xcolor Info: Model `tHsb' substituted by `hsb' on input line 1368.
Package xcolor Info: Model `HSB' substituted by `hsb' on input line 1369.
Package xcolor Info: Model `Gray' substituted by `gray' on input line 1370.
Package xcolor Info: Model `wave' substituted by `hsb' on input line 1371.

(/usr/local/texlive/2020/texmf-dist/tex/latex/xcolor/svgnam.def
File: svgnam.def 2016/05/11 v2.12 Predefined colors according to SVG 1.1 (UK)
))
(/usr/local/texlive/2020/texmf-dist/tex/latex/fancyhdr/fancyhdr.sty
Package: fancyhdr 2019/01/31 v3.10 Extensive control of page headers and footer
s
\f@nch@headwidth=\skip49
\f@nch@O@elh=\skip50
\f@nch@O@erh=\skip51
\f@nch@O@olh=\skip52
\f@nch@O@orh=\skip53
\f@nch@O@elf=\skip54
\f@nch@O@erf=\skip55
\f@nch@O@olf=\skip56
\f@nch@O@orf=\skip57
)
(/usr/local/texlive/2020/texmf-dist/tex/latex/subfig/subfig.sty
Package: subfig 2005/06/28 ver: 1.3 subfig package

(/usr/local/texlive/2020/texmf-dist/tex/latex/caption/caption.sty
Package: caption 2020/01/03 v3.4h Customizing captions (AR)

(/usr/local/texlive/2020/texmf-dist/tex/latex/caption/caption3.sty
Package: caption3 2020/01/03 v1.8h caption3 kernel (AR)
Package caption3 Info: TeX engine: e-TeX on input line 61.
\captionmargin=\dimen137
\captionmargin@=\dimen138
\captionwidth=\dimen139
\caption@tempdima=\dimen140
\caption@indent=\dimen141
\caption@parindent=\dimen142
\caption@hangindent=\dimen143
Package caption Info: Standard document class detected.
)
\c@caption@flags=\count171
\c@continuedfloat=\count172
)
\c@KVtest=\count173
\sf@farskip=\skip58
\sf@captopadj=\dimen144
\sf@capskip=\skip59
\sf@nearskip=\skip60
\c@subfigure=\count174
\c@subfigure@save=\count175
\c@lofdepth=\count176
\c@subtable=\count177
\c@subtable@save=\count178
\c@lotdepth=\count179
\sf@top=\skip61
\sf@bottom=\skip62
)
(/usr/local/texlive/2020/texmf-dist/tex/latex/hyperref/hyperref.sty
Package: hyperref 2020/01/14 v7.00d Hypertext links for LaTeX

(/usr/local/texlive/2020/texmf-dist/tex/generic/ltxcmds/ltxcmds.sty
Package: ltxcmds 2019/12/15 v1.24 LaTeX kernel commands for general use (HO)
)
(/usr/local/texlive/2020/texmf-dist/tex/generic/iftex/iftex.sty
Package: iftex 2020/03/06 v1.0d TeX engine tests
)
(/usr/local/texlive/2020/texmf-dist/tex/latex/pdftexcmds/pdftexcmds.sty
Package: pdftexcmds 2019/11/24 v0.31 Utility functions of pdfTeX for LuaTeX (HO
)

(/usr/local/texlive/2020/texmf-dist/tex/generic/infwarerr/infwarerr.sty
Package: infwarerr 2019/12/03 v1.5 Providing info/warning/error messages (HO)
)
Package pdftexcmds Info: \pdf@primitive is available.
Package pdftexcmds Info: \pdf@ifprimitive is available.
Package pdftexcmds Info: \pdfdraftmode not found.
)
(/usr/local/texlive/2020/texmf-dist/tex/generic/kvsetkeys/kvsetkeys.sty
Package: kvsetkeys 2019/12/15 v1.18 Key value parser (HO)
)
(/usr/local/texlive/2020/texmf-dist/tex/generic/kvdefinekeys/kvdefinekeys.sty
Package: kvdefinekeys 2019-12-19 v1.6 Define keys (HO)
)
(/usr/local/texlive/2020/texmf-dist/tex/generic/pdfescape/pdfescape.sty
Package: pdfescape 2019/12/09 v1.15 Implements pdfTeX's escape features (HO)
)
(/usr/local/texlive/2020/texmf-dist/tex/latex/hycolor/hycolor.sty
Package: hycolor 2020-01-27 v1.10 Color options for hyperref/bookmark (HO)
)
(/usr/local/texlive/2020/texmf-dist/tex/latex/letltxmacro/letltxmacro.sty
Package: letltxmacro 2019/12/03 v1.6 Let assignment for LaTeX macros (HO)
)
(/usr/local/texlive/2020/texmf-dist/tex/latex/auxhook/auxhook.sty
Package: auxhook 2019-12-17 v1.6 Hooks for auxiliary files (HO)
)
(/usr/local/texlive/2020/texmf-dist/tex/latex/kvoptions/kvoptions.sty
Package: kvoptions 2019/11/29 v3.13 Key value format for package options (HO)
)
\@linkdim=\dimen145
\Hy@linkcounter=\count180
\Hy@pagecounter=\count181

(/usr/local/texlive/2020/texmf-dist/tex/latex/hyperref/pd1enc.def
File: pd1enc.def 2020/01/14 v7.00d Hyperref: PDFDocEncoding definition (HO)
)
(/usr/local/texlive/2020/texmf-dist/tex/generic/intcalc/intcalc.sty
Package: intcalc 2019/12/15 v1.3 Expandable calculations with integers (HO)
)
(/usr/local/texlive/2020/texmf-dist/tex/generic/etexcmds/etexcmds.sty
Package: etexcmds 2019/12/15 v1.7 Avoid name clashes with e-TeX commands (HO)
)
\Hy@SavedSpaceFactor=\count182
Package hyperref Info: Hyper figures OFF on input line 4547.
Package hyperref Info: Link nesting OFF on input line 4552.
Package hyperref Info: Hyper index ON on input line 4555.
Package hyperref Info: Plain pages OFF on input line 4562.
Package hyperref Info: Backreferencing OFF on input line 4567.
Package hyperref Info: Implicit mode ON; LaTeX internals redefined.
Package hyperref Info: Bookmarks ON on input line 4800.
\c@Hy@tempcnt=\count183

(/usr/local/texlive/2020/texmf-dist/tex/latex/url/url.sty
\Urlmuskip=\muskip16
Package: url 2013/09/16  ver 3.4  Verb mode for urls, etc.
)
LaTeX Info: Redefining \url on input line 5159.
\XeTeXLinkMargin=\dimen146

(/usr/local/texlive/2020/texmf-dist/tex/generic/bitset/bitset.sty
Package: bitset 2019/12/09 v1.3 Handle bit-vector datatype (HO)

(/usr/local/texlive/2020/texmf-dist/tex/generic/bigintcalc/bigintcalc.sty
Package: bigintcalc 2019/12/15 v1.5 Expandable calculations on big integers (HO
)
))
\Fld@menulength=\count184
\Field@Width=\dimen147
\Fld@charsize=\dimen148
Package hyperref Info: Hyper figures OFF on input line 6430.
Package hyperref Info: Link nesting OFF on input line 6435.
Package hyperref Info: Hyper index ON on input line 6438.
Package hyperref Info: backreferencing OFF on input line 6445.
Package hyperref Info: Link coloring OFF on input line 6450.
Package hyperref Info: Link coloring with OCG OFF on input line 6455.
Package hyperref Info: PDF/A mode OFF on input line 6460.
LaTeX Info: Redefining \ref on input line 6500.
LaTeX Info: Redefining \pageref on input line 6504.

(/usr/local/texlive/2020/texmf-dist/tex/generic/atbegshi/atbegshi.sty
Package: atbegshi 2019/12/05 v1.19 At begin shipout hook (HO)
)
\Hy@abspage=\count185
\c@Item=\count186
\c@Hfootnote=\count187
)
Package hyperref Info: Driver (autodetected): hxetex.

(/usr/local/texlive/2020/texmf-dist/tex/latex/hyperref/hxetex.def
File: hxetex.def 2020/01/14 v7.00d Hyperref driver for XeTeX

(/usr/local/texlive/2020/texmf-dist/tex/latex/hyperref/puenc.def
File: puenc.def 2020/01/14 v7.00d Hyperref: PDF Unicode definition (HO)
)
(/usr/local/texlive/2020/texmf-dist/tex/generic/stringenc/stringenc.sty
Package: stringenc 2019/11/29 v1.12 Convert strings between diff. encodings (HO
)
)
\pdfm@box=\box45
\c@Hy@AnnotLevel=\count188
\HyField@AnnotCount=\count189
\Fld@listcount=\count190
\c@bookmark@seq@number=\count191

(/usr/local/texlive/2020/texmf-dist/tex/latex/rerunfilecheck/rerunfilecheck.sty
Package: rerunfilecheck 2019/12/05 v1.9 Rerun checks for auxiliary files (HO)
(/usr/local/texlive/2020/texmf-dist/tex/latex/atveryend/atveryend.sty
Package: atveryend 2019-12-11 v1.11 Hooks at the very end of document (HO)
Package atveryend Info: \enddocument detected (standard20110627).
)
(/usr/local/texlive/2020/texmf-dist/tex/generic/uniquecounter/uniquecounter.sty
Package: uniquecounter 2019/12/15 v1.4 Provide unlimited unique counter (HO)
)
Package uniquecounter Info: New unique counter `rerunfilecheck' on input line 2
86.
)
\Hy@SectionHShift=\skip63
) (/usr/local/texlive/2020/texmf-dist/tex/latex/enumitem/enumitem.sty
Package: enumitem 2019/06/20 v3.9 Customized lists
\labelindent=\skip64
\enit@outerparindent=\dimen149
\enit@toks=\toks16
\enit@inbox=\box46
\enit@count@id=\count192
\enitdp@description=\count193
)
(/usr/local/texlive/2020/texmf-dist/tex/latex/cite/cite.sty
LaTeX Info: Redefining \cite on input line 302.
LaTeX Info: Redefining \nocite on input line 332.
Package: cite 2015/02/27  v 5.5
)
(/usr/local/texlive/2020/texmf-dist/tex/latex/tcolorbox/tcolorbox.sty
Package: tcolorbox 2019/11/15 version 4.22 text color boxes

(/usr/local/texlive/2020/texmf-dist/tex/latex/pgf/basiclayer/pgf.sty
(/usr/local/texlive/2020/texmf-dist/tex/latex/pgf/utilities/pgfrcs.sty
(/usr/local/texlive/2020/texmf-dist/tex/generic/pgf/utilities/pgfutil-common.te
x
\pgfutil@everybye=\toks17
\pgfutil@tempdima=\dimen150
\pgfutil@tempdimb=\dimen151

(/usr/local/texlive/2020/texmf-dist/tex/generic/pgf/utilities/pgfutil-common-li
sts.tex))
(/usr/local/texlive/2020/texmf-dist/tex/generic/pgf/utilities/pgfutil-latex.def
\pgfutil@abb=\box47
(/usr/local/texlive/2020/texmf-dist/tex/latex/ms/everyshi.sty
Package: everyshi 2001/05/15 v3.00 EveryShipout Package (MS)
))
(/usr/local/texlive/2020/texmf-dist/tex/generic/pgf/utilities/pgfrcs.code.tex
(/usr/local/texlive/2020/texmf-dist/tex/generic/pgf/pgf.revision.tex)
Package: pgfrcs 2020/01/08 v3.1.5b (3.1.5b)
))
Package: pgf 2020/01/08 v3.1.5b (3.1.5b)

(/usr/local/texlive/2020/texmf-dist/tex/latex/pgf/basiclayer/pgfcore.sty
(/usr/local/texlive/2020/texmf-dist/tex/latex/pgf/systemlayer/pgfsys.sty
(/usr/local/texlive/2020/texmf-dist/tex/generic/pgf/systemlayer/pgfsys.code.tex
Package: pgfsys 2020/01/08 v3.1.5b (3.1.5b)
(/usr/local/texlive/2020/texmf-dist/tex/generic/pgf/utilities/pgfkeys.code.tex
\pgfkeys@pathtoks=\toks18
\pgfkeys@temptoks=\toks19

(/usr/local/texlive/2020/texmf-dist/tex/generic/pgf/utilities/pgfkeysfiltered.c
ode.tex
\pgfkeys@tmptoks=\toks20
))
\pgf@x=\dimen152
\pgf@y=\dimen153
\pgf@xa=\dimen154
\pgf@ya=\dimen155
\pgf@xb=\dimen156
\pgf@yb=\dimen157
\pgf@xc=\dimen158
\pgf@yc=\dimen159
\pgf@xd=\dimen160
\pgf@yd=\dimen161
\w@pgf@writea=\write3
\r@pgf@reada=\read2
\c@pgf@counta=\count194
\c@pgf@countb=\count195
\c@pgf@countc=\count196
\c@pgf@countd=\count197
\t@pgf@toka=\toks21
\t@pgf@tokb=\toks22
\t@pgf@tokc=\toks23
\pgf@sys@id@count=\count198

(/usr/local/texlive/2020/texmf-dist/tex/generic/pgf/systemlayer/pgf.cfg
File: pgf.cfg 2020/01/08 v3.1.5b (3.1.5b)
)
Driver file for pgf: pgfsys-xetex.def

(/usr/local/texlive/2020/texmf-dist/tex/generic/pgf/systemlayer/pgfsys-xetex.de
f
File: pgfsys-xetex.def 2020/01/08 v3.1.5b (3.1.5b)

(/usr/local/texlive/2020/texmf-dist/tex/generic/pgf/systemlayer/pgfsys-dvipdfmx
.def
File: pgfsys-dvipdfmx.def 2020/01/08 v3.1.5b (3.1.5b)

(/usr/local/texlive/2020/texmf-dist/tex/generic/pgf/systemlayer/pgfsys-common-p
df.def
File: pgfsys-common-pdf.def 2020/01/08 v3.1.5b (3.1.5b)
)
\pgfsys@objnum=\count199
)))
(/usr/local/texlive/2020/texmf-dist/tex/generic/pgf/systemlayer/pgfsyssoftpath.
code.tex
File: pgfsyssoftpath.code.tex 2020/01/08 v3.1.5b (3.1.5b)
\pgfsyssoftpath@smallbuffer@items=\count266
\pgfsyssoftpath@bigbuffer@items=\count267
)
(/usr/local/texlive/2020/texmf-dist/tex/generic/pgf/systemlayer/pgfsysprotocol.
code.tex
File: pgfsysprotocol.code.tex 2020/01/08 v3.1.5b (3.1.5b)
))
(/usr/local/texlive/2020/texmf-dist/tex/generic/pgf/basiclayer/pgfcore.code.tex
Package: pgfcore 2020/01/08 v3.1.5b (3.1.5b)
(/usr/local/texlive/2020/texmf-dist/tex/generic/pgf/math/pgfmath.code.tex
(/usr/local/texlive/2020/texmf-dist/tex/generic/pgf/math/pgfmathcalc.code.tex
(/usr/local/texlive/2020/texmf-dist/tex/generic/pgf/math/pgfmathutil.code.tex)
(/usr/local/texlive/2020/texmf-dist/tex/generic/pgf/math/pgfmathparser.code.tex
\pgfmath@dimen=\dimen162
\pgfmath@count=\count268
\pgfmath@box=\box48
\pgfmath@toks=\toks24
\pgfmath@stack@operand=\toks25
\pgfmath@stack@operation=\toks26
)
(/usr/local/texlive/2020/texmf-dist/tex/generic/pgf/math/pgfmathfunctions.code.
tex
(/usr/local/texlive/2020/texmf-dist/tex/generic/pgf/math/pgfmathfunctions.basic
.code.tex)
(/usr/local/texlive/2020/texmf-dist/tex/generic/pgf/math/pgfmathfunctions.trigo
nometric.code.tex)
(/usr/local/texlive/2020/texmf-dist/tex/generic/pgf/math/pgfmathfunctions.rando
m.code.tex)
(/usr/local/texlive/2020/texmf-dist/tex/generic/pgf/math/pgfmathfunctions.compa
rison.code.tex)
(/usr/local/texlive/2020/texmf-dist/tex/generic/pgf/math/pgfmathfunctions.base.
code.tex)
(/usr/local/texlive/2020/texmf-dist/tex/generic/pgf/math/pgfmathfunctions.round
.code.tex)
(/usr/local/texlive/2020/texmf-dist/tex/generic/pgf/math/pgfmathfunctions.misc.
code.tex)
(/usr/local/texlive/2020/texmf-dist/tex/generic/pgf/math/pgfmathfunctions.integ
erarithmetics.code.tex)))
(/usr/local/texlive/2020/texmf-dist/tex/generic/pgf/math/pgfmathfloat.code.tex
\c@pgfmathroundto@lastzeros=\count269
)) (/usr/local/texlive/2020/texmf-dist/tex/generic/pgf/math/pgfint.code.tex)
(/usr/local/texlive/2020/texmf-dist/tex/generic/pgf/basiclayer/pgfcorepoints.co
de.tex
File: pgfcorepoints.code.tex 2020/01/08 v3.1.5b (3.1.5b)
\pgf@picminx=\dimen163
\pgf@picmaxx=\dimen164
\pgf@picminy=\dimen165
\pgf@picmaxy=\dimen166
\pgf@pathminx=\dimen167
\pgf@pathmaxx=\dimen168
\pgf@pathminy=\dimen169
\pgf@pathmaxy=\dimen170
\pgf@xx=\dimen171
\pgf@xy=\dimen172
\pgf@yx=\dimen173
\pgf@yy=\dimen174
\pgf@zx=\dimen175
\pgf@zy=\dimen176
)
(/usr/local/texlive/2020/texmf-dist/tex/generic/pgf/basiclayer/pgfcorepathconst
ruct.code.tex
File: pgfcorepathconstruct.code.tex 2020/01/08 v3.1.5b (3.1.5b)
\pgf@path@lastx=\dimen177
\pgf@path@lasty=\dimen178
)
(/usr/local/texlive/2020/texmf-dist/tex/generic/pgf/basiclayer/pgfcorepathusage
.code.tex
File: pgfcorepathusage.code.tex 2020/01/08 v3.1.5b (3.1.5b)
\pgf@shorten@end@additional=\dimen179
\pgf@shorten@start@additional=\dimen180
)
(/usr/local/texlive/2020/texmf-dist/tex/generic/pgf/basiclayer/pgfcorescopes.co
de.tex
File: pgfcorescopes.code.tex 2020/01/08 v3.1.5b (3.1.5b)
\pgfpic=\box49
\pgf@hbox=\box50
\pgf@layerbox@main=\box51
\pgf@picture@serial@count=\count270
)
(/usr/local/texlive/2020/texmf-dist/tex/generic/pgf/basiclayer/pgfcoregraphicst
ate.code.tex
File: pgfcoregraphicstate.code.tex 2020/01/08 v3.1.5b (3.1.5b)
\pgflinewidth=\dimen181
)
(/usr/local/texlive/2020/texmf-dist/tex/generic/pgf/basiclayer/pgfcoretransform
ations.code.tex
File: pgfcoretransformations.code.tex 2020/01/08 v3.1.5b (3.1.5b)
\pgf@pt@x=\dimen182
\pgf@pt@y=\dimen183
\pgf@pt@temp=\dimen184
)
(/usr/local/texlive/2020/texmf-dist/tex/generic/pgf/basiclayer/pgfcorequick.cod
e.tex
File: pgfcorequick.code.tex 2020/01/08 v3.1.5b (3.1.5b)
)
(/usr/local/texlive/2020/texmf-dist/tex/generic/pgf/basiclayer/pgfcoreobjects.c
ode.tex
File: pgfcoreobjects.code.tex 2020/01/08 v3.1.5b (3.1.5b)
)
(/usr/local/texlive/2020/texmf-dist/tex/generic/pgf/basiclayer/pgfcorepathproce
ssing.code.tex
File: pgfcorepathprocessing.code.tex 2020/01/08 v3.1.5b (3.1.5b)
)
(/usr/local/texlive/2020/texmf-dist/tex/generic/pgf/basiclayer/pgfcorearrows.co
de.tex
File: pgfcorearrows.code.tex 2020/01/08 v3.1.5b (3.1.5b)
\pgfarrowsep=\dimen185
)
(/usr/local/texlive/2020/texmf-dist/tex/generic/pgf/basiclayer/pgfcoreshade.cod
e.tex
File: pgfcoreshade.code.tex 2020/01/08 v3.1.5b (3.1.5b)
\pgf@max=\dimen186
\pgf@sys@shading@range@num=\count271
\pgf@shadingcount=\count272
)
(/usr/local/texlive/2020/texmf-dist/tex/generic/pgf/basiclayer/pgfcoreimage.cod
e.tex
File: pgfcoreimage.code.tex 2020/01/08 v3.1.5b (3.1.5b)

(/usr/local/texlive/2020/texmf-dist/tex/generic/pgf/basiclayer/pgfcoreexternal.
code.tex
File: pgfcoreexternal.code.tex 2020/01/08 v3.1.5b (3.1.5b)
\pgfexternal@startupbox=\box52
))
(/usr/local/texlive/2020/texmf-dist/tex/generic/pgf/basiclayer/pgfcorelayers.co
de.tex
File: pgfcorelayers.code.tex 2020/01/08 v3.1.5b (3.1.5b)
)
(/usr/local/texlive/2020/texmf-dist/tex/generic/pgf/basiclayer/pgfcoretranspare
ncy.code.tex
File: pgfcoretransparency.code.tex 2020/01/08 v3.1.5b (3.1.5b)
)
(/usr/local/texlive/2020/texmf-dist/tex/generic/pgf/basiclayer/pgfcorepatterns.
code.tex
File: pgfcorepatterns.code.tex 2020/01/08 v3.1.5b (3.1.5b)
)
(/usr/local/texlive/2020/texmf-dist/tex/generic/pgf/basiclayer/pgfcorerdf.code.
tex
File: pgfcorerdf.code.tex 2020/01/08 v3.1.5b (3.1.5b)
)))
(/usr/local/texlive/2020/texmf-dist/tex/generic/pgf/modules/pgfmoduleshapes.cod
e.tex
File: pgfmoduleshapes.code.tex 2020/01/08 v3.1.5b (3.1.5b)
\pgfnodeparttextbox=\box53
)
(/usr/local/texlive/2020/texmf-dist/tex/generic/pgf/modules/pgfmoduleplot.code.
tex
File: pgfmoduleplot.code.tex 2020/01/08 v3.1.5b (3.1.5b)
)
(/usr/local/texlive/2020/texmf-dist/tex/latex/pgf/compatibility/pgfcomp-version
-0-65.sty
Package: pgfcomp-version-0-65 2020/01/08 v3.1.5b (3.1.5b)
\pgf@nodesepstart=\dimen187
\pgf@nodesepend=\dimen188
)
(/usr/local/texlive/2020/texmf-dist/tex/latex/pgf/compatibility/pgfcomp-version
-1-18.sty
Package: pgfcomp-version-1-18 2020/01/08 v3.1.5b (3.1.5b)
)) (/usr/local/texlive/2020/texmf-dist/tex/latex/tools/verbatim.sty
Package: verbatim 2019/11/10 v1.5r LaTeX2e package for verbatim enhancements
\every@verbatim=\toks27
\verbatim@line=\toks28
\verbatim@in@stream=\read3
)
(/usr/local/texlive/2020/texmf-dist/tex/latex/environ/environ.sty
Package: environ 2014/05/04 v0.3 A new way to define environments

(/usr/local/texlive/2020/texmf-dist/tex/latex/trimspaces/trimspaces.sty
Package: trimspaces 2009/09/17 v1.1 Trim spaces around a token list
)
\@envbody=\toks29
)
(/usr/local/texlive/2020/texmf-dist/tex/latex/etoolbox/etoolbox.sty
Package: etoolbox 2019/09/21 v2.5h e-TeX tools for LaTeX (JAW)
\etb@tempcnta=\count273
)
\tcb@titlebox=\box54
\tcb@upperbox=\box55
\tcb@lowerbox=\box56
\tcb@phantombox=\box57
\c@tcbbreakpart=\count274
\c@tcblayer=\count275
\tcolorbox@number=\count276
\tcb@temp=\box58
\tcb@temp=\box59
\tcb@temp=\box60
\tcb@temp=\box61
\tcb@out=\write4
\tcb@record@out=\write5

(/usr/local/texlive/2020/texmf-dist/tex/latex/tcolorbox/tcbraster.code.tex
Library (tcolorbox): 'tcbraster.code.tex' version '4.22'
\c@tcbrastercolumn=\count277
\c@tcbrasterrow=\count278
\c@tcbraster=\count279
) (/usr/local/texlive/2020/texmf-dist/tex/latex/tcolorbox/tcbskins.code.tex
Library (tcolorbox): 'tcbskins.code.tex' version '4.22'
(/usr/local/texlive/2020/texmf-dist/tex/latex/pgf/frontendlayer/tikz.sty
(/usr/local/texlive/2020/texmf-dist/tex/latex/pgf/utilities/pgffor.sty
(/usr/local/texlive/2020/texmf-dist/tex/latex/pgf/utilities/pgfkeys.sty
(/usr/local/texlive/2020/texmf-dist/tex/generic/pgf/utilities/pgfkeys.code.tex)
) (/usr/local/texlive/2020/texmf-dist/tex/latex/pgf/math/pgfmath.sty
(/usr/local/texlive/2020/texmf-dist/tex/generic/pgf/math/pgfmath.code.tex))
(/usr/local/texlive/2020/texmf-dist/tex/generic/pgf/utilities/pgffor.code.tex
Package: pgffor 2020/01/08 v3.1.5b (3.1.5b)

(/usr/local/texlive/2020/texmf-dist/tex/generic/pgf/math/pgfmath.code.tex)
\pgffor@iter=\dimen189
\pgffor@skip=\dimen190
\pgffor@stack=\toks30
\pgffor@toks=\toks31
))
(/usr/local/texlive/2020/texmf-dist/tex/generic/pgf/frontendlayer/tikz/tikz.cod
e.tex
Package: tikz 2020/01/08 v3.1.5b (3.1.5b)

(/usr/local/texlive/2020/texmf-dist/tex/generic/pgf/libraries/pgflibraryplothan
dlers.code.tex
File: pgflibraryplothandlers.code.tex 2020/01/08 v3.1.5b (3.1.5b)
\pgf@plot@mark@count=\count280
\pgfplotmarksize=\dimen191
)
\tikz@lastx=\dimen192
\tikz@lasty=\dimen193
\tikz@lastxsaved=\dimen194
\tikz@lastysaved=\dimen195
\tikz@lastmovetox=\dimen196
\tikz@lastmovetoy=\dimen197
\tikzleveldistance=\dimen198
\tikzsiblingdistance=\dimen199
\tikz@figbox=\box62
\tikz@figbox@bg=\box63
\tikz@tempbox=\box64
\tikz@tempbox@bg=\box65
\tikztreelevel=\count281
\tikznumberofchildren=\count282
\tikznumberofcurrentchild=\count283
\tikz@fig@count=\count284

(/usr/local/texlive/2020/texmf-dist/tex/generic/pgf/modules/pgfmodulematrix.cod
e.tex
File: pgfmodulematrix.code.tex 2020/01/08 v3.1.5b (3.1.5b)
\pgfmatrixcurrentrow=\count285
\pgfmatrixcurrentcolumn=\count286
\pgf@matrix@numberofcolumns=\count287
)
\tikz@expandcount=\count288

(/usr/local/texlive/2020/texmf-dist/tex/generic/pgf/frontendlayer/tikz/librarie
s/tikzlibrarytopaths.code.tex
File: tikzlibrarytopaths.code.tex 2020/01/08 v3.1.5b (3.1.5b)
)))
\tcb@waterbox=\box66

(/usr/local/texlive/2020/texmf-dist/tex/latex/tcolorbox/tcbskinsjigsaw.code.tex
Library (tcolorbox): 'tcbskinsjigsaw.code.tex' version '4.22'
))
(/usr/local/texlive/2020/texmf-dist/tex/latex/tcolorbox/tcbbreakable.code.tex
Library (tcolorbox): 'tcbbreakable.code.tex' version '4.22'
\tcb@testbox=\box67
\tcb@totalupperbox=\box68
\tcb@totallowerbox=\box69
) (/usr/local/texlive/2020/texmf-dist/tex/latex/tcolorbox/tcbhooks.code.tex
Library (tcolorbox): 'tcbhooks.code.tex' version '4.22'
) (/usr/local/texlive/2020/texmf-dist/tex/latex/tcolorbox/tcbtheorems.code.tex
Library (tcolorbox): 'tcbtheorems.code.tex' version '4.22'
(/usr/local/texlive/2020/texmf-dist/tex/latex/amsmath/amsmath.sty
Package: amsmath 2020/01/20 v2.17e AMS math features
\@mathmargin=\skip65

For additional information on amsmath, use the `?' option.
(/usr/local/texlive/2020/texmf-dist/tex/latex/amsmath/amstext.sty
Package: amstext 2000/06/29 v2.01 AMS text

(/usr/local/texlive/2020/texmf-dist/tex/latex/amsmath/amsgen.sty
File: amsgen.sty 1999/11/30 v2.0 generic functions
\@emptytoks=\toks32
\ex@=\dimen256
))
(/usr/local/texlive/2020/texmf-dist/tex/latex/amsmath/amsbsy.sty
Package: amsbsy 1999/11/29 v1.2d Bold Symbols
\pmbraise@=\dimen257
)
(/usr/local/texlive/2020/texmf-dist/tex/latex/amsmath/amsopn.sty
Package: amsopn 2016/03/08 v2.02 operator names
)
\inf@bad=\count289
LaTeX Info: Redefining \frac on input line 227.
\uproot@=\count290
\leftroot@=\count291
LaTeX Info: Redefining \overline on input line 389.
\classnum@=\count292
\DOTSCASE@=\count293
LaTeX Info: Redefining \ldots on input line 486.
LaTeX Info: Redefining \dots on input line 489.
LaTeX Info: Redefining \cdots on input line 610.
\Mathstrutbox@=\box70
\strutbox@=\box71
\big@size=\dimen258
LaTeX Font Info:    Redeclaring font encoding OML on input line 733.
LaTeX Font Info:    Redeclaring font encoding OMS on input line 734.
\macc@depth=\count294
\c@MaxMatrixCols=\count295
\dotsspace@=\muskip17
\c@parentequation=\count296
\dspbrk@lvl=\count297
\tag@help=\toks33
\row@=\count298
\column@=\count299
\maxfields@=\count300
\andhelp@=\toks34
\eqnshift@=\dimen259
\alignsep@=\dimen260
\tagshift@=\dimen261
\tagwidth@=\dimen262
\totwidth@=\dimen263
\lineht@=\dimen264
\@envbody=\toks35
\multlinegap=\skip66
\multlinetaggap=\skip67
\mathdisplay@stack=\toks36
LaTeX Info: Redefining \[ on input line 2859.
LaTeX Info: Redefining \] on input line 2860.
))
(/usr/local/texlive/2020/texmf-dist/tex/latex/tcolorbox/tcbfitting.code.tex
Library (tcolorbox): 'tcbfitting.code.tex' version '4.22'
\tcbfitdim=\dimen265
\tcb@lowerfitdim=\dimen266
\tcb@upperfitdim=\dimen267
\tcb@cur@hbadness=\count301
) (/usr/local/texlive/2020/texmf-dist/tex/latex/tcolorbox/tcbxparse.code.tex
Library (tcolorbox): 'tcbxparse.code.tex' version '4.22'
(/usr/local/texlive/2020/texmf-dist/tex/latex/l3packages/xparse/xparse.sty
(/usr/local/texlive/2020/texmf-dist/tex/latex/l3kernel/expl3.sty
Package: expl3 2020-03-06 L3 programming layer (loader) 

(/usr/local/texlive/2020/texmf-dist/tex/latex/l3backend/l3backend-xdvipdfmx.def
File: l3backend-xdvipdfmx.def 2020-03-12 L3 backend support: xdvipdfmx
\g__graphics_track_int=\count302
\l__pdf_internal_box=\box72
\g__pdf_backend_object_int=\count303
\g__pdf_backend_annotation_int=\count304
))
Package: xparse 2020-03-06 L3 Experimental document command parser
\l__xparse_current_arg_int=\count305
\g__xparse_grabber_int=\count306
\l__xparse_m_args_int=\count307
\l__xparse_v_nesting_int=\count308
))) (/usr/local/texlive/2020/texmf-dist/tex/latex/listings/listings.sty
\lst@mode=\count309
\lst@gtempboxa=\box73
\lst@token=\toks37
\lst@length=\count310
\lst@currlwidth=\dimen268
\lst@column=\count311
\lst@pos=\count312
\lst@lostspace=\dimen269
\lst@width=\dimen270
\lst@newlines=\count313
\lst@lineno=\count314
\lst@maxwidth=\dimen271

(/usr/local/texlive/2020/texmf-dist/tex/latex/listings/lstmisc.sty
File: lstmisc.sty 2020/03/24 1.8d (Carsten Heinz)
\c@lstnumber=\count315
\lst@skipnumbers=\count316
\lst@framebox=\box74
)
(/usr/local/texlive/2020/texmf-dist/tex/latex/listings/listings.cfg
File: listings.cfg 2020/03/24 1.8d listings configuration
))
Package: listings 2020/03/24 1.8d (Carsten Heinz)

(/usr/local/texlive/2020/texmf-dist/tex/latex/geometry/geometry.sty
Package: geometry 2020/01/02 v5.9 Page Geometry

(/usr/local/texlive/2020/texmf-dist/tex/generic/iftex/ifvtex.sty
Package: ifvtex 2019/10/25 v1.7 ifvtex legacy package. Use iftex instead.
)
\Gm@cnth=\count317
\Gm@cntv=\count318
\c@Gm@tempcnt=\count319
\Gm@bindingoffset=\dimen272
\Gm@wd@mp=\dimen273
\Gm@odd@mp=\dimen274
\Gm@even@mp=\dimen275
\Gm@layoutwidth=\dimen276
\Gm@layoutheight=\dimen277
\Gm@layouthoffset=\dimen278
\Gm@layoutvoffset=\dimen279
\Gm@dimlist=\toks38


Package geometry Warning: Over-specification in `v'-direction.
    `height' (578.15999pt) is ignored.

) (/usr/local/texlive/2020/texmf-dist/tex/latex/tools/afterpage.sty
Package: afterpage 2014/10/28 v1.08 After-Page Package (DPC)
\AP@output=\toks39
\AP@partial=\box75
\AP@footins=\box76
)
(/usr/local/texlive/2020/texmf-dist/tex/latex/amsfonts/amssymb.sty
Package: amssymb 2013/01/14 v3.01 AMS font symbols

(/usr/local/texlive/2020/texmf-dist/tex/latex/amsfonts/amsfonts.sty
Package: amsfonts 2013/01/14 v3.01 Basic AMSFonts support
\symAMSa=\mathgroup4
\symAMSb=\mathgroup5
LaTeX Font Info:    Redeclaring math symbol \hbar on input line 98.
LaTeX Font Info:    Overwriting math alphabet `\mathfrak' in version `bold'
(Font)                  U/euf/m/n --> U/euf/b/n on input line 106.
))
(/usr/local/texlive/2020/texmf-dist/tex/latex/pdflscape/pdflscape.sty
Package: pdflscape 2019/12/05 v0.12 Display of landscape pages in PDF (HO)

(/usr/local/texlive/2020/texmf-dist/tex/latex/graphics/lscape.sty
Package: lscape 2000/10/22 v3.01 Landscape Pages (DPC)
)
Package pdflscape Info: Auto-detected driver: dvipdfm (xetex) on input line 98.

)
(/usr/local/texlive/2020/texmf-dist/tex/latex/base/textcomp.sty
Package: textcomp 2020/02/02 v2.0n Standard LaTeX package
)
(/usr/local/texlive/2020/texmf-dist/tex/xelatex/xecolor/xecolor.sty
Package: xecolor 2013/04/04 v0.1 color in xelatex

(/usr/local/texlive/2020/texmf-dist/tex/latex/fontspec/fontspec.sty
Package: fontspec 2020/02/21 v2.7i Font selection for XeLaTeX and LuaLaTeX

(/usr/local/texlive/2020/texmf-dist/tex/latex/fontspec/fontspec-xetex.sty
Package: fontspec-xetex 2020/02/21 v2.7i Font selection for XeLaTeX and LuaLaTe
X
\l__fontspec_script_int=\count320
\l__fontspec_language_int=\count321
\l__fontspec_strnum_int=\count322
\l__fontspec_tmp_int=\count323
\l__fontspec_tmpa_int=\count324
\l__fontspec_tmpb_int=\count325
\l__fontspec_tmpc_int=\count326
\l__fontspec_em_int=\count327
\l__fontspec_emdef_int=\count328
\l__fontspec_strong_int=\count329
\l__fontspec_strongdef_int=\count330
\l__fontspec_tmpa_dim=\dimen280
\l__fontspec_tmpb_dim=\dimen281
\l__fontspec_tmpc_dim=\dimen282

(/usr/local/texlive/2020/texmf-dist/tex/latex/base/fontenc.sty
Package: fontenc 2020/02/11 v2.0o Standard LaTeX package
)
(/usr/local/texlive/2020/texmf-dist/tex/latex/fontspec/fontspec.cfg))))
(/usr/local/texlive/2020/texmf-dist/tex/latex/graphics/rotating.sty
Package: rotating 2016/08/11 v2.16d rotated objects in LaTeX

(/usr/local/texlive/2020/texmf-dist/tex/latex/base/ifthen.sty
Package: ifthen 2014/09/29 v1.1c Standard LaTeX ifthen package (DPC)
)
\c@r@tfl@t=\count331
\rotFPtop=\skip68
\rotFPbot=\skip69
\rot@float@box=\box77
\rot@mess@toks=\toks40
)
(/usr/local/texlive/2020/texmf-dist/tex/latex/pdfpages/pdfpages.sty
Package: pdfpages 2020/01/28 v0.5q Insert pages of external PDF documents (AM)

(/usr/local/texlive/2020/texmf-dist/tex/latex/tools/calc.sty
Package: calc 2017/05/25 v4.3 Infix arithmetic (KKT,FJ)
\calc@Acount=\count332
\calc@Bcount=\count333
\calc@Adimen=\dimen283
\calc@Bdimen=\dimen284
\calc@Askip=\skip70
\calc@Bskip=\skip71
LaTeX Info: Redefining \setlength on input line 80.
LaTeX Info: Redefining \addtolength on input line 81.
\calc@Ccount=\count334
\calc@Cskip=\skip72
)
(/usr/local/texlive/2020/texmf-dist/tex/latex/eso-pic/eso-pic.sty
Package: eso-pic 2018/04/12 v2.0h eso-pic (RN)
)
\AM@pagewidth=\dimen285
\AM@pageheight=\dimen286

(/usr/local/texlive/2020/texmf-dist/tex/latex/pdfpages/ppxetex.def
File: ppxetex.def 2020/01/28 v0.5q Pdfpages driver for XeTeX (AM)
)
\AM@pagebox=\box78
\AM@global@opts=\toks41
\AM@pagecnt=\count335
\AM@toc@title=\toks42
\c@AM@survey=\count336
\AM@templatesizebox=\box79
)
(/usr/local/texlive/2020/texmf-dist/tex/xelatex/xepersian/xepersian.sty
Package: xepersian 2020-01-31 v22.8 Persian typesetting in XeLaTeX

(/usr/local/texlive/2020/texmf-dist/tex/xelatex/xepersian/xepersian-persiancal.
sty
Package: xepersian-persiancal 2012/07/25 v0.2 provides Persian calendar
\XePersian@i=\count337
\XePersian@y=\count338
\XePersian@m=\count339
\XePersian@d=\count340
\XePersian@latini=\count341
\XePersian@persiani=\count342
\XePersian@latinii=\count343
\XePersian@persianii=\count344
\XePersian@latiniii=\count345
\XePersian@persianiii=\count346
\XePersian@latiniv=\count347
\XePersian@persianiv=\count348
\XePersian@latinv=\count349
\XePersian@persianv=\count350
\XePersian@latinvi=\count351
\XePersian@persianvi=\count352
\XePersian@latinvii=\count353
\XePersian@persianvii=\count354
\XePersian@latinviii=\count355
\XePersian@persianviii=\count356
\XePersian@latinix=\count357
\XePersian@persianix=\count358
\XePersian@latinx=\count359
\XePersian@persianx=\count360
\XePersian@latinxi=\count361
\XePersian@persianxi=\count362
\XePersian@latinxii=\count363
\XePersian@persianxii=\count364
\XePersian@persianxiii=\count365
\XePersian@temp=\count366
\XePersian@temptwo=\count367
\XePersian@tempthree=\count368
\XePersian@yModHundred=\count369
\XePersian@thirtytwo=\count370
\XePersian@dn=\count371
\XePersian@sn=\count372
\XePersian@mminusone=\count373
)
(/usr/local/texlive/2020/texmf-dist/tex/xelatex/xepersian/xepersian-mathsdigits
pec.sty
Package: xepersian-mathsdigitspec 2018/12/16 v1.1.7 Unicode Persian maths digit
s in XeLaTeX
) (/usr/local/texlive/2020/texmf-dist/tex/xelatex/bidi/bidi.sty
Package: bidi 2020-01-29 v35.11 Bidirectional typesetting in plain TeX and LaTe
X

****************************************************
* 
* bidi package (Bidirectional typesetting in
* plain TeX and LaTeX, using XeTeX engine)
* 
* Description: A convenient interface for
* typesetting bidirectional texts in plain TeX
* and LaTeX. The package includes adaptations
* for use with many other commonly-used packages.
* 
* Copyright (c) 2009--2019 Vafa Khalighi
* 2018-2020 bidi-tex GitHub Organisation
* 
* v35.11, 2020-01-29
* 
* License: LaTeX Project Public License, version
* 1.3c or higher (your choice)
* 
* Location on CTAN: /macros/xetex/latex/bidi
* 
* Issue tracker: https://github.com/bidi-tex/bidi/issues
* 
****************************************************
(/usr/local/texlive/2020/texmf-dist/tex/xelatex/bidi/biditools.sty
Package: biditools 2020-01-29 v1.10 Programming tools for bidi package
\@bidi@envbody=\toks43
\@bidi@emptytoks=\toks44


Package biditools Warning: Patching `\enddocument' failed on input line 705.

\bidi@tempcountb=\count374
\bidi@temptoksa=\toks45
\bidi@temptoksb=\toks46
\bidi@dummies=\count375
\bidi@are@these@correct=\toks47
\bidi@toks@lista=\toks48
\bidi@toks@listb=\toks49
\bidi@stack@length=\count376
\bidi@empty@stack=\toks50
\bidi@looprepeat@depth=\count377
) (/usr/local/texlive/2020/texmf-dist/tex/latex/zref/zref-abspage.sty
Package: zref-abspage 2020-03-03 v2.29 Module abspage for zref (HO)

(/usr/local/texlive/2020/texmf-dist/tex/latex/zref/zref-base.sty
Package: zref-base 2020-03-03 v2.29 Module base for zref (HO)
Package zref Info: New property list: main on input line 763.
Package zref Info: New property: default on input line 764.
Package zref Info: New property: page on input line 765.
)
\c@abspage=\count378
Package zref Info: New property: abspage on input line 66.
)
(/usr/local/texlive/2020/texmf-dist/tex/latex/xkeyval/xkeyval.sty
Package: xkeyval 2014/12/03 v2.7a package option processing (HA)

(/usr/local/texlive/2020/texmf-dist/tex/generic/xkeyval/xkeyval.tex
(/usr/local/texlive/2020/texmf-dist/tex/generic/xkeyval/xkvutils.tex
\XKV@toks=\toks51
\XKV@tempa@toks=\toks52
)
\XKV@depth=\count379
File: xkeyval.tex 2014/12/03 v2.7a key=value parser (HA)
))
\@bidi@copyins@=\insert252

(/usr/local/texlive/2020/texmf-dist/tex/xelatex/bidi/latex-xetex-bidi.def
File: latex-xetex-bidi.def 2019/03/03 v1.3.7 bidi adaptations for `latex.ltx' f
or XeTeX engine
\bidi@n@everypar=\toks53
\bidi@column@check@number=\count380

(/usr/local/texlive/2020/texmf-dist/tex/xelatex/bidi/footnote-xetex-bidi.def
File: footnote-xetex-bidi.def 2017/08/09 v1.1 bidi footnote macros for XeTeX en
gine
\c@footdir@label=\count381
\footdir@toks=\toks54
)
(/usr/local/texlive/2020/texmf-dist/tex/xelatex/bidi/article-xetex-bidi.def
File: article-xetex-bidi.def 2017/06/09 v0.6 bidi adaptations for standard arti
cle class for XeTeX engine
)
(/usr/local/texlive/2020/texmf-dist/tex/xelatex/bidi/amsmath-xetex-bidi.def
File: amsmath-xetex-bidi.def 2018/01/08 v1.1 bidi adaptations for amsmath packa
ge for XeTeX engine
)
(/usr/local/texlive/2020/texmf-dist/tex/xelatex/bidi/amstext-xetex-bidi.def
File: amstext-xetex-bidi.def 2016/09/12 v0.2 bidi adaptations for amstext packa
ge for XeTeX engine
)
(/usr/local/texlive/2020/texmf-dist/tex/xelatex/bidi/caption-xetex-bidi.def
File: caption-xetex-bidi.def 2010/07/25 v0.1 bidi adaptations for caption packa
ge for XeTeX engine
)
(/usr/local/texlive/2020/texmf-dist/tex/xelatex/bidi/caption3-xetex-bidi.def
File: caption3-xetex-bidi.def 2013/04/01 v0.1 bidi adaptations for caption3 pac
kage for XeTeX engine
)
(/usr/local/texlive/2020/texmf-dist/tex/xelatex/bidi/color-xetex-bidi.def
File: color-xetex-bidi.def 2013/04/08 v0.2 bidi adaptations for color package f
or XeTeX engine
LaTeX Info: Redefining \color on input line 46.
)
(/usr/local/texlive/2020/texmf-dist/tex/xelatex/bidi/xcolor-xetex-bidi.def
File: xcolor-xetex-bidi.def 2013/04/08 v0.2 bidi adaptations for xcolor package
 for XeTeX engine
LaTeX Info: Redefining \color on input line 45.
LaTeX Info: Redefining \bidicolor on input line 88.
)
(/usr/local/texlive/2020/texmf-dist/tex/xelatex/bidi/graphicx-xetex-bidi.def
File: graphicx-xetex-bidi.def 2017/06/17 v0.5 bidi adaptations for graphicx pac
kage for XeTeX engine
)
(/usr/local/texlive/2020/texmf-dist/tex/xelatex/bidi/geometry-xetex-bidi.def
File: geometry-xetex-bidi.def 2017/01/14 v0.2 bidi adaptations for geometry pac
kage for XeTeX engine
)
(/usr/local/texlive/2020/texmf-dist/tex/xelatex/bidi/hyperref-xetex-bidi.def
File: hyperref-xetex-bidi.def 2018/11/11 v1.1 bidi adaptations for hyperref pac
kage for XeTeX engine
)
(/usr/local/texlive/2020/texmf-dist/tex/xelatex/bidi/fancyhdr-xetex-bidi.def
File: fancyhdr-xetex-bidi.def 2018/02/15 v0.7 bidi adaptations for fancyhdr pac
kage for XeTeX engine
)
(/usr/local/texlive/2020/texmf-dist/tex/xelatex/bidi/eso-pic-xetex-bidi.def
File: eso-pic-xetex-bidi.def 2013/04/10 v0.2 bidi adaptations for eso-pic packa
ge for XeTeX engine
)
(/usr/local/texlive/2020/texmf-dist/tex/xelatex/bidi/pdfpages-xetex-bidi.def
File: pdfpages-xetex-bidi.def 2010/07/25 v0.1 bidi adaptations for pdfpages pac
kage for XeTeX engine
)
(/usr/local/texlive/2020/texmf-dist/tex/xelatex/bidi/listings-xetex-bidi.def
File: listings-xetex-bidi.def 2018/09/15 v1.5 bidi adaptations for listings pac
kage for XeTeX engine
)
(/usr/local/texlive/2020/texmf-dist/tex/xelatex/bidi/pgfcorescopes.code-xetex-b
idi.def
File: pgfcorescopes.code-xetex-bidi.def 2015/11/14 v0.1 bidi adaptations for pg
f package for XeTeX engine
)
(/usr/local/texlive/2020/texmf-dist/tex/xelatex/bidi/rotating-xetex-bidi.def
File: rotating-xetex-bidi.def 2013/05/22 v0.2 bidi adaptations for rotating pac
kage for XeTeX engine
)
(/usr/local/texlive/2020/texmf-dist/tex/xelatex/bidi/tcolorbox-xetex-bidi.def
File: tcolorbox-xetex-bidi.def 2018/11/11 v0.2 bidi adaptations for tcolorbox p
ackage for XeTeX engine
))
(/usr/local/texlive/2020/texmf-dist/tex/xelatex/bidi/loadingorder-xetex-bidi.de
f
File: loadingorder-xetex-bidi.def 2017/12/29 v0.97 making sure that bidi is the
 last package loaded
)
\bidi@digits=\count382
\bidi@digits@charclass=\XeTeXcharclass1
\bidi@sepmark@charclass=\XeTeXcharclass2
)
****************************************************
* 
* xepersian package (Persian for LaTeX, using XeTeX engine)
* 
* Description: The package supports Persian
* typesetting, using fonts provided in the
* distribution.
* 
* Copyright (c) 2008-2019 Vafa Khalighi
* 2018-2020 bidi-tex GitHub Organisation
* 
* v22.8, 2020-01-31
* 
* License: LaTeX Project Public License, version
* 1.3c or higher (your choice)
* 
* Location on CTAN: /macros/xetex/latex/xepersian
* 
* Issue tracker: https://github.com/bidi-tex/xepersian/issues
* 
****************************************************
\xepersian@tcl=\count383
\xepersian@ilg=\dimen287
\xepersian@strutilg=\dimen288

(/usr/local/texlive/2020/texmf-dist/tex/xelatex/xepersian/loadingorder-xepersia
n.def
File: loadingorder-xepersian.def 2018/09/29 v0.5 making sure that xepersian is 
the last package loaded
)
(/usr/local/texlive/2020/texmf-dist/tex/xelatex/xepersian/footnote-xepersian.de
f
File: footnote-xepersian.def 2017/08/09 v0.6 footnote macros for xepersian pack
age
)
(/usr/local/texlive/2020/texmf-dist/tex/xelatex/xepersian/listings-xepersian.de
f
File: listings-xepersian.def 2014/07/17 v0.3 bilingual captions for listings pa
ckage
)
(/usr/local/texlive/2020/texmf-dist/tex/xelatex/xepersian/enumitem-xepersian.de
f
File: enumitem-xepersian.def 2017/09/06 v0.1 adaptations for enumitem package
)
(/usr/local/texlive/2020/texmf-dist/tex/xelatex/xepersian/hyperref-xepersian.de
f
File: hyperref-xepersian.def 2015/02/02 v0.6 bilingual captions for hyperref pa
ckage
)
(/usr/local/texlive/2020/texmf-dist/tex/xelatex/xepersian/tikz.code-xepersian.d
ef
File: tikz.code-xepersian.def 2018/12/11 v0.1 adaptations for tikz.code.tex fil
e
)
(/usr/local/texlive/2020/texmf-dist/tex/xelatex/xepersian/article-xepersian.def
File: article-xepersian.def 2010/07/25 v0.2 adaptations for standard article cl
ass
)
(/usr/local/texlive/2020/texmf-dist/tex/xelatex/xepersian/kashida-xepersian.def
File: kashida-xepersian.def 2018/01/04 v0.6 implementation of Kashida for xeper
sian package
)

Package fontspec Info: Font family 'lmroman10-regular(0)' created for font
(fontspec)             'lmroman10-regular' with options
(fontspec)             [Ligatures=TeX,Path,BoldFont={lmroman10-bold},BoldItalic
Font={lmroman10-bolditalic},ItalicFont={lmroman10-italic},SmallCapsFont={lmroma
ncaps10-regular},SlantedFont={lmromanslant10-regular},BoldSlantedFont={lmromans
lant10-bold}].
(fontspec)              
(fontspec)              This font family consists of the following NFSS
(fontspec)             series/shapes:
(fontspec)              
(fontspec)             - 'normal' (m/n) with NFSS spec.:
(fontspec)             <->"[lmroman10-regular]/OT:script=latn;language=dflt;map
ping=tex-text;"
(fontspec)             - 'small caps'  (m/sc) with NFSS spec.:
(fontspec)             <->"[lmromancaps10-regular]/OT:script=latn;language=dflt
;mapping=tex-text;"
(fontspec)             - 'bold' (b/n) with NFSS spec.:
(fontspec)             <->"[lmroman10-bold]/OT:script=latn;language=dflt;mappin
g=tex-text;"
(fontspec)             - 'bold small caps'  (b/sc) with NFSS spec.:
(fontspec)             <->"[lmromancaps10-regular]/OT:script=latn;language=dflt
;mapping=tex-text;"
(fontspec)             - 'italic' (m/it) with NFSS spec.:
(fontspec)             <->"[lmroman10-italic]/OT:script=latn;language=dflt;mapp
ing=tex-text;"
(fontspec)             - 'italic small caps'  (m/scit) with NFSS spec.:
(fontspec)             <->"[lmromancaps10-regular]/OT:script=latn;language=dflt
;mapping=tex-text;"
(fontspec)             - 'slanted' (m/sl) with NFSS spec.:
(fontspec)             <->"[lmromanslant10-regular]/OT:script=latn;language=dfl
t;mapping=tex-text;"
(fontspec)             - 'slanted small caps'  (m/scsl) with NFSS spec.:
(fontspec)             <->"[lmromancaps10-regular]/OT:script=latn;language=dflt
;mapping=tex-text;"
(fontspec)             - 'bold italic' (b/it) with NFSS spec.:
(fontspec)             <->"[lmroman10-bolditalic]/OT:script=latn;language=dflt;
mapping=tex-text;"
(fontspec)             - 'bold italic small caps'  (b/scit) with NFSS spec.:
(fontspec)             <->"[lmromancaps10-regular]/OT:script=latn;language=dflt
;mapping=tex-text;"
(fontspec)             - 'bold slanted' (b/sl) with NFSS spec.:
(fontspec)             <->"[lmromanslant10-bold]/OT:script=latn;language=dflt;m
apping=tex-text;"
(fontspec)             - 'bold slanted small caps'  (b/scsl) with NFSS spec.:
(fontspec)             <->"[lmromancaps10-regular]/OT:script=latn;language=dflt
;mapping=tex-text;"

) (/usr/local/texlive/2020/texmf-dist/tex/latex/base/fontenc.sty
Package: fontenc 2020/02/11 v2.0o Standard LaTeX package
LaTeX Font Info:    Trying to load font information for T1+lmr on input line 11
2.

(/usr/local/texlive/2020/texmf-dist/tex/latex/lm/t1lmr.fd
File: t1lmr.fd 2009/10/30 v1.6 Font defs for Latin Modern
))
(/usr/local/texlive/2020/texmf-dist/tex/latex/base/inputenc.sty
Package: inputenc 2018/08/11 v1.3c Input encoding file
\inpenc@prehook=\toks55
\inpenc@posthook=\toks56


Package inputenc Warning: inputenc package ignored with utf8 based engines.

) (/usr/local/texlive/2020/texmf-dist/tex/latex/paratype/PTSerif.sty
Package: PTSerif 2011/02/10 Style file for PTSerif.
)
(/usr/local/texlive/2020/texmf-dist/tex/latex/seqsplit/seqsplit.sty
Package: seqsplit 2006/08/07 v0.1 Splitting long sequences (DNA, RNA, proteins,
 etc.) 
)
(/usr/local/texlive/2020/texmf-dist/tex/latex/forest/forest.sty
Package: forest 2017/07/14 v2.1.5 Drawing (linguistic) trees

(/usr/local/texlive/2020/texmf-dist/tex/generic/pgf/frontendlayer/tikz/librarie
s/tikzlibraryshapes.code.tex
File: tikzlibraryshapes.code.tex 2020/01/08 v3.1.5b (3.1.5b)

(/usr/local/texlive/2020/texmf-dist/tex/generic/pgf/frontendlayer/tikz/librarie
s/tikzlibraryshapes.geometric.code.tex
File: tikzlibraryshapes.geometric.code.tex 2020/01/08 v3.1.5b (3.1.5b)

(/usr/local/texlive/2020/texmf-dist/tex/generic/pgf/libraries/shapes/pgflibrary
shapes.geometric.code.tex
File: pgflibraryshapes.geometric.code.tex 2020/01/08 v3.1.5b (3.1.5b)
))
(/usr/local/texlive/2020/texmf-dist/tex/generic/pgf/frontendlayer/tikz/librarie
s/tikzlibraryshapes.misc.code.tex
File: tikzlibraryshapes.misc.code.tex 2020/01/08 v3.1.5b (3.1.5b)

(/usr/local/texlive/2020/texmf-dist/tex/generic/pgf/libraries/shapes/pgflibrary
shapes.misc.code.tex
File: pgflibraryshapes.misc.code.tex 2020/01/08 v3.1.5b (3.1.5b)
))
(/usr/local/texlive/2020/texmf-dist/tex/generic/pgf/frontendlayer/tikz/librarie
s/tikzlibraryshapes.symbols.code.tex
File: tikzlibraryshapes.symbols.code.tex 2020/01/08 v3.1.5b (3.1.5b)

(/usr/local/texlive/2020/texmf-dist/tex/generic/pgf/libraries/shapes/pgflibrary
shapes.symbols.code.tex
File: pgflibraryshapes.symbols.code.tex 2020/01/08 v3.1.5b (3.1.5b)
))
(/usr/local/texlive/2020/texmf-dist/tex/generic/pgf/frontendlayer/tikz/librarie
s/tikzlibraryshapes.arrows.code.tex
File: tikzlibraryshapes.arrows.code.tex 2020/01/08 v3.1.5b (3.1.5b)

(/usr/local/texlive/2020/texmf-dist/tex/generic/pgf/libraries/shapes/pgflibrary
shapes.arrows.code.tex
File: pgflibraryshapes.arrows.code.tex 2020/01/08 v3.1.5b (3.1.5b)
))
(/usr/local/texlive/2020/texmf-dist/tex/generic/pgf/frontendlayer/tikz/librarie
s/tikzlibraryshapes.callouts.code.tex
(/usr/local/texlive/2020/texmf-dist/tex/generic/pgf/libraries/shapes/pgflibrary
shapes.callouts.code.tex))
(/usr/local/texlive/2020/texmf-dist/tex/generic/pgf/frontendlayer/tikz/librarie
s/tikzlibraryshapes.multipart.code.tex
File: tikzlibraryshapes.multipart.code.tex 2020/01/08 v3.1.5b (3.1.5b)

(/usr/local/texlive/2020/texmf-dist/tex/generic/pgf/libraries/shapes/pgflibrary
shapes.multipart.code.tex
File: pgflibraryshapes.multipart.code.tex 2020/01/08 v3.1.5b (3.1.5b)
\pgfnodepartlowerbox=\box80
\pgfnodeparttwobox=\box81
\pgfnodepartthreebox=\box82
\pgfnodepartfourbox=\box83
\pgfnodeparttwentybox=\box84
\pgfnodepartnineteenbox=\box85
\pgfnodeparteighteenbox=\box86
\pgfnodepartseventeenbox=\box87
\pgfnodepartsixteenbox=\box88
\pgfnodepartfifteenbox=\box89
\pgfnodepartfourteenbox=\box90
\pgfnodepartthirteenbox=\box91
\pgfnodeparttwelvebox=\box92
\pgfnodepartelevenbox=\box93
\pgfnodeparttenbox=\box94
\pgfnodepartninebox=\box95
\pgfnodeparteightbox=\box96
\pgfnodepartsevenbox=\box97
\pgfnodepartsixbox=\box98
\pgfnodepartfivebox=\box99
)))
(/usr/local/texlive/2020/texmf-dist/tex/generic/pgf/frontendlayer/tikz/librarie
s/tikzlibraryfit.code.tex
File: tikzlibraryfit.code.tex 2020/01/08 v3.1.5b (3.1.5b)
)
(/usr/local/texlive/2020/texmf-dist/tex/generic/pgf/frontendlayer/tikz/librarie
s/tikzlibrarycalc.code.tex
File: tikzlibrarycalc.code.tex 2020/01/08 v3.1.5b (3.1.5b)
)
(/usr/local/texlive/2020/texmf-dist/tex/generic/pgf/libraries/pgflibraryinterse
ctions.code.tex
(/usr/local/texlive/2020/texmf-dist/tex/generic/pgf/libraries/pgflibraryfpu.cod
e.tex)
\pgf@intersect@solutions=\count384
) (/usr/local/texlive/2020/texmf-dist/tex/latex/pgfopts/pgfopts.sty
Package: pgfopts 2014/07/10 v2.1a LaTeX package options with pgfkeys
\pgfopts@list@add@a@toks=\toks57
\pgfopts@list@add@b@toks=\toks58
)
(/usr/local/texlive/2020/texmf-dist/tex/latex/elocalloc/elocalloc.sty
Package: elocalloc 2016/12/15 v0.03 local allocation for LaTeX 2015+ (DPC)
)
(/usr/local/texlive/2020/texmf-dist/tex/latex/inlinedef/inlinedef.sty
Package: inlinedef 2008/07/10 v1.0 Inlined expansions within definitions
\ID@toks=\toks59
\ID@count=\count385
)
\ID@usercommands=\toks60
\safeloop@depth=\count386
\safeRKloop@depth=\count387
\forest@temp@dimen=\dimen289
\forest@temp@count=\count388
\forest@n=\count389
\forest@temp@global@count=\count390
\forest@temp@toks=\toks61
\forest@temparray@M=\count391
\forest@temparray@N=\count392
\forest@global@temparray@M=\count393
\forest@global@temparray@N=\count394
\forest@isnum@count=\count395
\forest@isdim@nonintpart=\count396
\forest@isdim@dimen=\dimen290
\forest@sort@m=\count397
\forest@sort@k=\count398
\forest@sort@p=\count399
\bracket@content=\toks62
\bracket@afterthought=\toks63
\forest@node@maxid=\count400
\forest@process@left@M=\count401
\forest@process@left@N=\count402
\forest@process@right@M=\count403
\forest@process@right@N=\count404
\forest@process@saved@M=\count405
\forest@process@saved@N=\count406
\forest@process@result@M=\count407
\forest@process@result@N=\count408
\forest@process@n=\count409
\forest@nodewalk@branch@toks=\toks64
\forest@nodewalk@shortsteps@resolution=\toks65
\forest@do@dynamics=\toks66
\forest@box=\box100
\forest@xg=\dimen291
\forest@yg=\dimen292
\forest@xs=\dimen293
\forest@ys=\dimen294
\forest@pi@toks=\toks67
\forest@segment@toks=\toks68
\forest@PIi@toks=\toks69
\forest@PIii@toks=\toks70
\forest@copy@in=\read4
\forest@copy@out=\write6
\forest@externalize@max@outer@n=\count410
\forest@externalize@inner@n=\count411
)
(/usr/local/texlive/2020/texmf-dist/tex/latex/forest/forest-lib-edges.sty
Package: forest-lib-edges 2016/12/05 v0.1.1
)
Package hyperref Info: Option `colorlinks' set `true' on input line 36.

(/usr/local/texlive/2020/texmf-dist/tex/latex/listings/lstlang1.sty
File: lstlang1.sty 2020/03/24 1.8d listings language file
)

Package fontspec Info: Font family 'BahijNazanin-Regular.ttf(0)' created for
(fontspec)             font 'Bahij Nazanin-Regular.ttf' with options
(fontspec)             [Script=Persian,Ligatures=PersianTeX,Scale=1.2,BoldFont=
{Bahij
(fontspec)             Nazanin-Bold.ttf},ItalicFont = {IRNazaninIranic.ttf}].
(fontspec)              
(fontspec)              This font family consists of the following NFSS
(fontspec)             series/shapes:
(fontspec)              
(fontspec)             - 'normal' (m/n) with NFSS spec.: <->s*[1.2]"[Bahij
(fontspec)             Nazanin-Regular.ttf]/OT:script=arab;language=dflt;mappin
g=persian-tex-text;"
(fontspec)             - 'small caps'  (m/sc) with NFSS spec.: 
(fontspec)             - 'bold' (b/n) with NFSS spec.: <->s*[1.2]"[Bahij
(fontspec)             Nazanin-Bold.ttf]/OT:script=arab;language=dflt;mapping=p
ersian-tex-text;"
(fontspec)             - 'bold small caps'  (b/sc) with NFSS spec.: 
(fontspec)             - 'italic' (m/it) with NFSS spec.:
(fontspec)             <->s*[1.2]"[IRNazaninIranic.ttf]/OT:script=arab;language
=dflt;mapping=persian-tex-text;"
(fontspec)             - 'italic small caps'  (m/scit) with NFSS spec.: 

LaTeX Font Info:    Font shape `TU/BahijNazanin-Regular.ttf(0)/m/n' will be
(Font)              scaled to size 14.39996pt on input line 70.

(./Project.aux

LaTeX Warning: Label `fig:heat' multiply defined.

)
\openout1 = `Project.aux'.

LaTeX Font Info:    Checking defaults for OML/cmm/m/it on input line 111.
LaTeX Font Info:    ... okay on input line 111.
LaTeX Font Info:    Checking defaults for OMS/cmsy/m/n on input line 111.
LaTeX Font Info:    ... okay on input line 111.
LaTeX Font Info:    Checking defaults for OT1/cmr/m/n on input line 111.
LaTeX Font Info:    ... okay on input line 111.
LaTeX Font Info:    Checking defaults for T1/cmr/m/n on input line 111.
LaTeX Font Info:    ... okay on input line 111.
LaTeX Font Info:    Checking defaults for TS1/cmr/m/n on input line 111.
LaTeX Font Info:    Trying to load font information for TS1+cmr on input line 1
11.
 (/usr/local/texlive/2020/texmf-dist/tex/latex/base/ts1cmr.fd
File: ts1cmr.fd 2019/12/16 v2.5j Standard LaTeX font definitions
)
LaTeX Font Info:    ... okay on input line 111.
LaTeX Font Info:    Checking defaults for TU/lmr/m/n on input line 111.
LaTeX Font Info:    ... okay on input line 111.
LaTeX Font Info:    Checking defaults for OMX/cmex/m/n on input line 111.
LaTeX Font Info:    ... okay on input line 111.
LaTeX Font Info:    Checking defaults for U/cmr/m/n on input line 111.
LaTeX Font Info:    ... okay on input line 111.
LaTeX Font Info:    Checking defaults for PD1/pdf/m/n on input line 111.
LaTeX Font Info:    ... okay on input line 111.
LaTeX Font Info:    Checking defaults for PU/pdf/m/n on input line 111.
LaTeX Font Info:    ... okay on input line 111.
Package caption Info: Begin \AtBeginDocument code.
Package caption Info: subfig package v1.3 is loaded.
Package caption Info: hyperref package is loaded.
Package caption Info: listings package is loaded.
Package caption Info: rotating package is loaded.
Package caption Info: End \AtBeginDocument code.
\AtBeginShipoutBox=\box101
Package hyperref Info: Link coloring ON on input line 111.

(/usr/local/texlive/2020/texmf-dist/tex/latex/hyperref/nameref.sty
Package: nameref 2019/09/16 v2.46 Cross-referencing by name of section

(/usr/local/texlive/2020/texmf-dist/tex/latex/refcount/refcount.sty
Package: refcount 2019/12/15 v3.6 Data extraction from label references (HO)
)
(/usr/local/texlive/2020/texmf-dist/tex/generic/gettitlestring/gettitlestring.s
ty
Package: gettitlestring 2019/12/15 v1.6 Cleanup title references (HO)
)
\c@section@level=\count412
)
LaTeX Info: Redefining \ref on input line 111.
LaTeX Info: Redefining \pageref on input line 111.
LaTeX Info: Redefining \nameref on input line 111.
 (./Project.out) (./Project.out)
\@outlinefile=\write7
\openout7 = `Project.out'.

 ABD: EveryShipout initializing macros
\c@lstlisting=\count413

*geometry* driver: auto-detecting
*geometry* detected driver: xetex
*geometry* verbose mode - [ preamble ] result:
* driver: xetex
* paper: a4paper
* layout: <same size as paper>
* layoutoffset:(h,v)=(0.0pt,0.0pt)
* modes: includehead includefoot heightrounded 
* h-part:(L,W,R)=(81.94394pt, 433.62pt, 81.94394pt)
* v-part:(T,H,B)=(71.13188pt, 702.78308pt, 71.13188pt)
* \paperwidth=597.50787pt
* \paperheight=845.04684pt
* \textwidth=433.62pt
* \textheight=606.5pt
* \oddsidemargin=9.67395pt
* \evensidemargin=9.67395pt
* \topmargin=-1.1381pt
* \headheight=35.56593pt
* \headsep=25.0pt
* \topskip=12.0pt
* \footskip=30.0pt
* \marginparwidth=44.0pt
* \marginparsep=10.0pt
* \columnsep=10.0pt
* \skip\footins=10.8pt plus 4.0pt minus 2.0pt
* \hoffset=0.0pt
* \voffset=0.0pt
* \mag=1000
* \@twocolumnfalse
* \@twosidefalse
* \@mparswitchfalse
* \@reversemarginfalse
* (1in=72.27pt=25.4mm, 1cm=28.453pt)

LaTeX Font Info:    Font shape `TU/BahijNazanin-Regular.ttf(0)/b/n' will be
(Font)              scaled to size 14.39996pt on input line 121.
LaTeX Font Info:    Font shape `TU/BahijNazanin-Regular.ttf(0)/b/n' will be
(Font)              scaled to size 29.85593pt on input line 121.

LaTeX Font Warning: Font shape `TU/BahijNazanin-Regular.ttf(0)/b/it' undefined
(Font)              using `TU/BahijNazanin-Regular.ttf(0)/b/n' instead on input
 line 121.

LaTeX Font Info:    Font shape `TU/BahijNazanin-Regular.ttf(0)/b/n' will be
(Font)              scaled to size 20.73593pt on input line 123.
LaTeX Font Info:    Font shape `TU/BahijNazanin-Regular.ttf(0)/m/n' will be
(Font)              scaled to size 17.27994pt on input line 127.
LaTeX Font Info:    Font shape `TU/BahijNazanin-Regular.ttf(0)/b/n' will be
(Font)              scaled to size 17.27994pt on input line 127.
(/usr/local/texlive/2020/texmf-dist/tex/generic/stringenc/se-ascii-print.def
File: se-ascii-print.def 2019/11/29 v1.12 stringenc: Printable ASCII characters

)
[1

]
LaTeX Font Info:    Font shape `TU/BahijNazanin-Regular.ttf(0)/m/n' will be
(Font)              scaled to size 20.73593pt on input line 171.
LaTeX Font Info:    Trying to load font information for U+msa on input line 174
.
 (/usr/local/texlive/2020/texmf-dist/tex/latex/amsfonts/umsa.fd
File: umsa.fd 2013/01/14 v3.01 AMS symbols A
)
LaTeX Font Info:    Trying to load font information for U+msb on input line 174
.

(/usr/local/texlive/2020/texmf-dist/tex/latex/amsfonts/umsb.fd
File: umsb.fd 2013/01/14 v3.01 AMS symbols B
)
LaTeX Font Info:    Font shape `TU/BahijNazanin-Regular.ttf(0)/m/n' will be
(Font)              scaled to size 9.59998pt on input line 174.
LaTeX Font Info:    Font shape `TU/BahijNazanin-Regular.ttf(0)/m/n' will be
(Font)              scaled to size 11.99997pt on input line 174.

(/usr/local/texlive/2020/texmf-dist/tex/latex/listings/lstlang1.sty
File: lstlang1.sty 2020/03/24 1.8d listings language file
)
(/usr/local/texlive/2020/texmf-dist/tex/latex/listings/lstlang2.sty
File: lstlang2.sty 2020/03/24 1.8d listings language file
)
(/usr/local/texlive/2020/texmf-dist/tex/latex/listings/lstlang3.sty
File: lstlang3.sty 2020/03/24 1.8d listings language file
) [1]
Missing character: There is no  in font [lmroman10-regular]/OT:script=latn;lan
guage=dflt;mapping=tex-text;!

[2]
File: ./Results/boxplot.pdf Graphic file (type pdf)
<use ./Results/boxplot.pdf>
LaTeX Font Info:    Font shape `TU/BahijNazanin-Regular.ttf(0)/m/n' will be
(Font)              scaled to size 8.39998pt on input line 302.
 [3]
File: ./Results/pca.pdf Graphic file (type pdf)
<use ./Results/pca.pdf, page 1>
File: ./Results/pca.pdf Graphic file (type pdf)
<use ./Results/pca.pdf, page 2>


LaTeX Warning: `!h' float specifier changed to `!ht'.

[4]
File: ./Results/pca_scaled.pdf Graphic file (type pdf)
<use ./Results/pca_scaled.pdf, page 1>


LaTeX Warning: `!h' float specifier changed to `!ht'.

File: ./Results/pca_scaled.pdf Graphic file (type pdf)
<use ./Results/pca_scaled.pdf, page 2>

LaTeX Warning: `!h' float specifier changed to `!ht'.

[5]
File: ./Results/PCA_Samples.pdf Graphic file (type pdf)
<use ./Results/PCA_Samples.pdf>


LaTeX Warning: `!h' float specifier changed to `!ht'.

[6]
File: ./Results/CorHeatmap.pdf Graphic file (type pdf)
<use ./Results/CorHeatmap.pdf>

Overfull \hbox (43.36464pt too wide) in paragraph at lines 412--413
 [][][][][][] 
 []


LaTeX Warning: `!h' float specifier changed to `!ht'.

[7] [8] [9] [10] [11]
File: ./Results/path5.pdf Graphic file (type pdf)
<use ./Results/path5.pdf>

Overfull \hbox (43.36464pt too wide) in paragraph at lines 563--568
 [][][][][][] 
 []

File: ./Results/path.pdf Graphic file (type pdf)
<use ./Results/path.pdf>
File: ./Results/path3.pdf Graphic file (type pdf)
<use ./Results/path3.pdf>
File: ./Results/path2.pdf Graphic file (type pdf)
<use ./Results/path2.pdf>

LaTeX Warning: `!h' float specifier changed to `!ht'.

[12] [13] [14]
File: ./Results/path4.pdf Graphic file (type pdf)
<use ./Results/path4.pdf>


LaTeX Warning: `!h' float specifier changed to `!ht'.

[15] [16] [17] [18]
Overfull \hbox (1.28325pt too wide) in paragraph at lines 793--794
[][]\TU/BahijNazanin-Regular.ttf(0)/m/n/12   :   
  []\TU/lmroman10-regular(0)/m/n/12 Fancone Anemia[] \TU/BahijNazanin-Re
gular.ttf(0)/m/n/12   []\TU/lmroman10-regular(0)/m/n/12 Bloom[][]
 []

[19] [20] [21] [22] [23] [24] [25] (./Project.bbl [26] [27]
Underfull \hbox (badness 10000) in paragraph at lines 70--72
[][]\TU/lmroman10-regular(0)/m/n/12 Acute myeloid leukemia (aml) in adults,[]
 []

) [28]
Package atveryend Info: Empty hook `BeforeClearDocument' on input line 1095.
Package atveryend Info: Empty hook `AfterLastShipout' on input line 1095.
 (./Project.aux)
Package atveryend Info: Empty hook `AtVeryEndDocument' on input line 1095.
Package atveryend Info: Executing hook `AtEndAfterFileList' on input line 1095.

Package rerunfilecheck Info: File `Project.out' has not changed.
(rerunfilecheck)             Checksum: 063575871A326BA283040A373B4FFB66;2650.


LaTeX Font Warning: Some font shapes were not available, defaults substituted.


LaTeX Warning: There were multiply-defined labels.

Package atveryend Info: Empty hook `AtVeryVeryEnd' on input line 1095.
 ) 
Here is how much of TeX's memory you used:
 43729 strings out of 479418
 978233 string characters out of 5884586
 1599116 words of memory out of 5000000
 60498 multiletter control sequences out of 15000+600000
 542321 words of font info for 87 fonts, out of 8000000 for 9000
 1348 hyphenation exceptions out of 8191
 59i,12n,95p,4825b,1901s stack positions out of 5000i,500n,10000p,200000b,80000s

Output written on Project.pdf (29 pages).
